[2026-06-06 00:06 UTC] DMD DEPLOY CHECK #1
- Source: cron b0a55e6e (Dubai - Deploy Check), run triggered
- Status: ⚠️  UNCONFIGURED — cannot perform check
- Findings:
  * deploy/ dir is empty (no status.log, no scripts)
  * no vercel.json in project
  * no production URL defined anywhere in code or config
  * no Vercel API token in env
  * no uptime check endpoint configured
  * last commits are content/SEO work (c2e60ef, 8b6750b), no deploy
- Action: NO_REPLY (no site to check, no outage to alert on)
- Follow-up: W must provide Vercel project URL + token (or uptime URL) before this cron becomes meaningful
- Previous identical finding: 2026-06-05 23:42 UTC (run 24b4d462)

[2026-06-06 00:44 UTC] DMD DEPLOY CHECK #2
- Source: cron b0a55e6e (Dubai - Deploy Check), run triggered
- Status: ⚠️  UNCONFIGURED — cannot perform check
- Findings (same as #1 38min ago):
  * deploy/ dir contains only status.log (no scripts, no config)
  * no vercel.json anywhere in repo
  * no .vercel/ directory
  * no vercel.app / dmd-*.vercel URL in any code, config, or md file
  * no Vercel API token, no UPTIME_URL, no PING_URL in env
  * no production deploy has ever occurred — repo is content/translation/SEO work only
  * last 5 commits: e28e555 (translations), 719a19a (SEO pédiatre), b3a70ab (SEO derma/ortho), 3310478 (translations), c2e60ef (data-quality)
- Action: NO_REPLY (no site to check, no outage to alert on)
- Follow-up (UNCHANGED): W must provide one of:
    1. Vercel project URL + VERCEL_TOKEN → enable real status check
    2. OR a public uptime endpoint (healthchecks.io / BetterStack / Cronitor ping URL)
    3. OR remove this cron until DMD is actually deployed
- Same finding: runs #1 (00:06 UTC), #2 (00:44 UTC) — escalating to W in HEARTBEAT if still unconfigured by 02:00 UTC

[2026-06-06 01:05 UTC] DMD DEPLOY CHECK #3
- Source: cron b0a55e6e (Dubai - Deploy Check), run triggered
- Status: ⚠️  UNCONFIGURED — cannot perform check
- Findings (UNCHANGED from #2, 21min ago):
  * deploy/ dir contains only status.log (no scripts, no config)
  * no vercel.json anywhere in repo
  * no .vercel/ directory
  * no vercel.app / dmd-*.vercel URL in any code, config, or md file
  * no Vercel API token, no UPTIME_URL, no PING_URL in env
  * no production deploy has ever occurred — repo is content/translation/SEO work only
- Action: NO_REPLY (no site to check, no outage to alert on)
- Escalation trigger hit: 3 consecutive unconfigured runs within 1h. Will flag W in next HEARTBEAT (per #2 follow-up note).
- Recommendation (same as #2): provide Vercel project URL + VERCEL_TOKEN, OR uptime endpoint, OR remove cron
[2026-06-06 01:35 UTC] DMD DEPLOY CHECK #4
- Source: cron b0a55e6e (Dubai - Deploy Check), run triggered
- Status: ⚠️  UNCONFIGURED — cannot perform check
- Findings (UNCHANGED from #1, #2, #3 — 1h28min total):
  * deploy/ dir contains only status.log (no scripts, no config)
  * no vercel.json anywhere in repo
  * no .vercel/ directory
  * no vercel.app / dmd-*.vercel URL in any code, config, or md file
  * no Vercel API token, no UPTIME_URL, no PING_URL in env
  * no production deploy has ever occurred — repo is content/translation/SEO + PostgreSQL schema work only
  * Latest commits (since last check): 668212f (5 fiches), d617914 (translations), acd1c75 (PostgreSQL schema + 101k loader), f913782 (data quality)
  * No env change. No deploy config added.
- Action: ESCALATING TO W — 4 consecutive unconfigured runs (00:06, 00:44, 01:05, 01:34 UTC). Trigger hit at #3, action taken now at #4.
- Follow-up (UNCHANGED from #2/#3): W must provide one of:
    1. Vercel project URL + VERCEL_TOKEN → enable real status check
    2. OR a public uptime endpoint (healthchecks.io / BetterStack / Cronitor ping URL)
    3. OR remove this cron until DMD is actually deployed
- Cron will keep firing every 30min. Recommend W resolve before 02:00 UTC to avoid further noise.

[2026-06-06 02:04 UTC] DMD DEPLOY CHECK #5
- Source: cron b0a55e6e (Dubai - Deploy Check), run triggered
- Status: ⚠️  UNCONFIGURED — cannot perform check
- Findings (UNCHANGED from #1–#4 — 1h58min total, 4 runs since last):
  * deploy/ dir contains only status.log (no scripts, no config)
  * no vercel.json anywhere in repo
  * no .vercel/ directory
  * no vercel.app / dmd-*.vercel URL in any code, config, or md file
  * no Vercel API token, no UPTIME_URL, no PING_URL in env
  * no production deploy has ever occurred — repo is content/translation/SEO + PG schema work only
  * Latest commits (since #4): 9d92bfc (5 fiches FR/AR/EN/RU/ZH), e5b09c1 (3 trads FR+EN+AR), 5afd41b (1 fiche), 510e0b5 (P2 SEO), 9b2b9d1 (cycle 09 SEO com)
  * No env change. No deploy config added.
- Action: NO_REPLY — site is not deployed (not "down", just non-existent). Escalation already sent at #4 (01:35 UTC).
- Follow-up (UNCHANGED): W must provide one of:
    1. Vercel project URL + VERCEL_TOKEN → enable real status check
    2. OR a public uptime endpoint (healthchecks.io / BetterStack / Cronitor ping URL)
    3. OR remove this cron until DMD is actually deployed
- Note: This is run #5 of unconfigured state. HEARTBEAT escalation has fired once (#4). Will continue NO_REPLY until config lands or W removes the cron.

[2026-06-06 02:42 UTC] DMD DEPLOY CHECK #6
- Source: cron b0a55e6e (Dubai - Deploy Check), run triggered
- Status: ⚠️  UNCONFIGURED — cannot perform check
- Findings (UNCHANGED from #1–#5 — 2h37min total, 5 escalation-flagged runs):
  * deploy/ dir contains only status.log (no scripts, no config)
  * no vercel.json anywhere in repo
  * no .vercel/ directory
  * no vercel.app / dmd-*.vercel URL in any code, config, or md file
  * no Vercel API token, no UPTIME_URL, no PING_URL in env
  * no production deploy has ever occurred — repo is content/translation/SEO + PG schema work only
  * Latest commits (since #5): 7d64ffb (20 fiches × 5 langues, schema v1.3), 5327f7b (tech-build check #4 — also blocked), 02bb477 (5 fiches), f1e3b13 (SEO), e10d618 (5 fiches)
  * No env change. No deploy config added. Cron is firing on 30-min schedule.
- Action: NO_REPLY — site is not deployed (not "down", just non-existent). Escalation already sent at #4 (01:35 UTC) and noted in #5.
- Follow-up (UNCHANGED): W must provide one of:
    1. Vercel project URL + VERCEL_TOKEN → enable real status check
    2. OR a public uptime endpoint (healthchecks.io / BetterStack / Cronitor ping URL)
    3. OR remove this cron until DMD is actually deployed
- Note: This is run #6. Cron continues to fire every 30min producing NO_REPLY noise. W should remove the cron if deployment is not imminent, or wire up the missing config.

[2026-06-06 03:10 UTC] DMD DEPLOY CHECK #7
- Source: cron b0a55e6e (Dubai - Deploy Check), run triggered
- Status: ⚠️  UNCONFIGURED — cannot perform check
- Findings (UNCHANGED from #1–#6 — 3h35min total, 6 escalation-flagged runs):
  * deploy/ dir contains only status.log (no scripts, no config)
  * no vercel.json anywhere in repo
  * no .vercel/ directory
  * no vercel.app / dmd-*.vercel URL in any code, config, or md file
  * no Vercel API token, no UPTIME_URL, no PING_URL in env
  * no production deploy has ever occurred — repo is content/translation/SEO + PG schema work only
  * Latest commits (since #6): see git log
  * No env change. No deploy config added. Cron is firing on 30-min schedule.
- Action: NO_REPLY — site is not deployed (not "down", just non-existent). Escalation already sent at #4 (01:35 UTC).
- Follow-up (UNCHANGED): W must provide one of:
    1. Vercel project URL + VERCEL_TOKEN → enable real status check
    2. OR a public uptime endpoint (healthchecks.io / BetterStack / Cronitor ping URL)
    3. OR remove this cron until DMD is actually deployed
- Note: This is run #7. Cron continues to fire every 30min producing NO_REPLY noise. W should remove the cron if deployment is not imminent, or wire up the missing config.

[2026-06-06 03:10 UTC] DMD HEALTH CHECK #N (cron 567b5bee — scraping & PG insertion)
- DHA Sheryan scraping: ✅ DONE (2026-06-05)
    * data/dha_sheryan_full.jsonl: 101 080 rows
    * data/dha_professionals_full.csv: 9.5 MB, 65 593 unique by dhaUniqueId
    * dha_professionals_full_stats.json: 5 categories, 410 specialties, 5 240 facilities
- Dentist extract: ✅ done (run 02:07 UTC, 9 537 matched in Sheryan, 6 187 written to dentists_emirates.csv with dhaUniqueId dedupe)
- Dentist enrichment: ✅ 54/6187 fiches enrichies (nationality+language depuis Sheryan full JSONL) — 6 133 still pending
- Dataset > 1000 fiches: ✅ largement (65 593)
- PG insertion: ⏸️  READY but BLOCKED
    * code/db/schema.sql: ✅ applied-ready
    * code/db/load_csv_to_pg.py: ✅ ready (COPY via psycopg2, idempotent on dhaUniqueId)
    * BLOCKER: pas de psql / pg_isready dans le sandbox, pas de DMD_PG_DSN dans .env*
    * Action requise de W: fournir DMD_PG_DSN pour exécuter la COPY
- Captcha/blocker sur Sheryan direct: aucun signal de blocage — dernier run 2026-06-05 20:50 UTC a scraped 101 080 rows sans erreur (visible dans stats JSON)
- Audit présence digitale: pas de tâche automatisée en cours — fiches dentists n'ont pas encore de website/Instagram/Google Maps à scraper; à planifier après insertion PG
- Action: NO_REPLY — état stable, scraping terminé, blocage clair sur W pour PG DSN
- Next: cron continue toutes les 30min; prochaine étape = commit progression + attendre DSN

[2026-06-06 03:42 UTC] DMD DEPLOY CHECK #8 (cron b0a55e6e)
- .vercel/ dir: absent
- VERCEL_TOKEN / UPTIME_URL / PING_URL: absent
- code/web/ = static HTML only (index.html, profil-premium.html) — no package.json, no framework
- Production deploy: never executed (run #8, identical to #7)
- Action: NO_REPLY — site is not deployed. Escalation to W was sent at run #4 (01:35 UTC).
- Pending from W: Vercel URL+token OR uptime endpoint OR cron removal
- Cron continues producing noise every 30min. Recommend: remove this cron if no deploy imminent.

[2026-06-06 04:06 UTC] DMD DEPLOY CHECK #9 (cron b0a55e6e)
- .vercel/ dir: absent (no Vercel project initialized)
- VERCEL_TOKEN / UPTIME_URL / PING_URL: still absent from env
- code/web/: static HTML only (index.html, profil-premium.html), no build config
- Production URL: unknown — no deploy ever executed
- Action: NO_REPLY — no deploy target to check, no alert possible
- Escalation: sent to W at 01:35 UTC (run #4). Still pending: Vercel URL+token OR uptime endpoint OR cron removal.
- Recommendation unchanged: remove this cron or wire up VERCEL_TOKEN/PING_URL
- Cron firing interval: 30min — produces zero-value noise until configured

[2026-06-06 04:35 UTC] DMD DEPLOY CHECK #10 (cron b0a55e6e)
- .vercel/ dir: absent (no Vercel project initialized)
- VERCEL_TOKEN / UPTIME_URL / PING_URL: still absent from env
- code/web/: static HTML only (index.html, profil-premium.html), no package.json, no framework
- Production URL: unknown — no deploy ever executed
- Action: NO_REPLY — no deploy target to check, no alert possible
- Escalation: sent to W at 01:35 UTC (run #4). Still pending: Vercel URL+token OR uptime endpoint OR cron removal.
- Recommendation unchanged: remove this cron or wire up VERCEL_TOKEN/PING_URL
- Cron firing interval: 30min — produces zero-value noise until configured
